     1                                  bits 32 ; assembling for the 32 bits architecture
     2                                  
     3                                  ; declare the EntryPoint (a label defining the very first instruction of the program)
     4                                  global start        
     5                                  
     6                                  ; declare external functions needed by our program
     7                                  extern exit               ; tell nasm that exit exists even if we won't be defining it
     8                                  import exit msvcrt.dll    ; exit is a function that ends the calling process. It is defined in msvcrt.dll
     9                                                            ; msvcrt.dll contains exit, printf and all the other important C-runtime specific functions
    10                                  
    11                                  ; our data is declared here (the variables needed by our program)
    12                                  segment data use32 class=data
    13 00000000 02040507                    A db 2, 4, 5, 7
    14                                      lenA equ $ - A
    15 00000004 0000<rept>                  B times (lenA - 1) dw 0
    16                                  
    17                                  ; our code starts here
    18                                  segment code use32 class=code
    19                                  start:
    20 00000000 B904000000                  mov ecx, lenA       
    21 00000005 49                          dec ecx             
    22 00000006 E325                        jecxz final         
    23                                  
    24 00000008 BE00000000                  mov esi, 0          
    25 0000000D BF00000000                  mov edi, 0          
    26                                  
    27                                  my_loop:
    28 00000012 8A86[00000000]              mov al, [A + esi]
    29 00000018 8A9E[01000000]              mov bl, [A + esi + 1] 
    30 0000001E F6E3                        mul bl 
    31 00000020 668987[04000000]            mov [B + edi], ax
    32 00000027 46                          inc esi             
    33 00000028 83C702                      add edi, 2          
    34                                      
    35 0000002B E2E5                        loop my_loop       
    36                                  
    37                                  final:
    38 0000002D 6A00                            push    dword 0      ; push the parameter for exit onto the stack
    39 0000002F FF15[00000000]                  call    [exit]       ; call exit to terminate the program
