     1                                  bits 32 ; assembling for the 32 bits architecture
     2                                  
     3                                  ; declare the EntryPoint (a label defining the very first instruction of the program)
     4                                  global start        
     5                                  
     6                                  ; declare external functions needed by our program
     7                                  extern exit               ; tell nasm that exit exists even if we won't be defining it
     8                                  import exit msvcrt.dll    ; exit is a function that ends the calling process. It is defined in msvcrt.dll
     9                                                            ; msvcrt.dll contains exit, printf and all the other important C-runtime specific functions
    10                                  
    11                                  ; our data is declared here (the variables needed by our program)
    12                                  segment data use32 class=data
    13 00000000 785634124D3C2B1A            S dd 12345678h, 1a2b3c4dh
    14                                      len equ ($ - S) / 4
    15 00000008 00<rept>                    D times len db 0
    16                                  
    17                                  ; our code starts here
    18                                  segment code use32 class=code
    19                                  start:
    20 00000000 B902000000                  mov ecx, len       
    21 00000005 E31C                        jecxz final 
    22 00000007 BE00000000                  mov esi, 0         
    23 0000000C BF00000000                  mov edi, 0         
    24                                  
    25                                  my_loop:
    26 00000011 8B86[00000000]              mov eax, [S + esi] 
    27 00000017 8887[08000000]              mov [D + edi], al  
    28 0000001D 83C604                      add esi, 4         
    29 00000020 47                          inc edi            
    30                                  
    31 00000021 E2EE                        loop my_loop       
    32                                  
    33                                  final:
    34 00000023 6A00                            push    dword 0      ; push the parameter for exit onto the stack
    35 00000025 FF15[00000000]                  call    [exit]       ; call exit to terminate the program
