     1                                  bits 32 ; assembling for the 32 bits architecture
     2                                  
     3                                  ; declare the EntryPoint (a label defining the very first instruction of the program)
     4                                  global start        
     5                                  
     6                                  ; declare external functions needed by our program
     7                                  extern exit               ; tell nasm that exit exists even if we won't be defining it
     8                                  import exit msvcrt.dll    ; exit is a function that ends the calling process. It is defined in msvcrt.dll
     9                                                            ; msvcrt.dll contains exit, printf and all the other important C-runtime specific functions
    10                                  
    11                                  ; our data is declared here (the variables needed by our program)
    12                                  segment data use32 class=data
    13 00000000 01                          a db 1
    14 00000001 02                          b db 2
    15 00000002 0300                        c dw 3
    16 00000004 0400                        d dw 4
    17                                  
    18                                  ; our code starts here
    19                                  
    20                                  ;I have to compute (b - a) + 3 + (d - c)
    21                                  segment code use32 class=code
    22                                      start:
    23 00000000 A0[01000000]                    MOV AL, [b]
    24 00000005 B400                            MOV AH, 0; AX=b
    25                                          
    26 00000007 8A0D[00000000]                  MOV CL, [a] ;CX = a
    27 0000000D B500                            MOV CH,0
    28                                          
    29 0000000F 6629C8                          SUB AX, CX  ;Ax = Ax - Cx = b - a
    30                                          
    31 00000012 6683C003                        ADD AX, 3   ;Ax = Ax + 3 = (b-a) + 3
    32                                          
    33 00000016 660305[04000000]                ADD AX, [d] ;Ax = Ax + d = (b-a) + 3 + d
    34                                          
    35 0000001D 662B05[02000000]                SUB AX, [c] ;Ax = Ax - c = (b-a) + 3 + (d - c) 
    36                                      
    37                                          ; exit(0)
    38 00000024 6A00                            push    dword 0      ; push the parameter for exit onto the stack
    39 00000026 FF15[00000000]                  call    [exit]       ; call exit to terminate the program
