     1                                  bits 32 ; assembling for the 32 bits architecture
     2                                  
     3                                  ; declare the EntryPoint (a label defining the very first instruction of the program)
     4                                  global start        
     5                                  
     6                                  ; declare external functions needed by our program
     7                                  extern scanf, printf, gets
     8                                  import scanf msvcrt.dll
     9                                  import printf msvcrt.dll
    10                                  import gets msvcrt.dll
    11                                  extern exit               ; tell nasm that exit exists even if we won't be defining it
    12                                  import exit msvcrt.dll    ; exit is a function that ends the calling process. It is defined in msvcrt.dll
    13                                                            ; msvcrt.dll contains exit, printf and all the other important C-runtime specific functions
    14                                  
    15                                  ; our data is declared here (the variables needed by our program)
    16                                  segment data use32 class=data
    17                                      ; ...
    18 00000000 00000000                    a dd 0
    19 00000004 00000000                    b dd 0
    20 00000008 00000000                    res dd 0
    21                                      
    22 0000000C 256400                      read db '%d', 0
    23 0000000F 2564202A202564203D-         print db '%d * %d = %x', 0
    23 00000018 20257800           
    24                                  
    25                                  ; our code starts here
    26                                  segment code use32 class=code
    27                                      start:
    28                                          ; ...
    29 00000000 68[00000000]                    push dword a
    30 00000005 68[0C000000]                    push dword read
    31 0000000A FF15[00000000]                  call [scanf]
    32 00000010 83C408                          add esp, 4*2
    33                                          
    34 00000013 68[04000000]                    push dword b
    35 00000018 68[0C000000]                    push dword read
    36 0000001D FF15[00000000]                  call [scanf]
    37 00000023 83C408                          add esp, 4*2
    38                                          
    39 00000026 A1[00000000]                    mov eax, [a]
    40 0000002B 0FAF05[04000000]                imul eax, [b]
    41 00000032 A3[08000000]                    mov [res], eax
    42                                          
    43 00000037 FF35[08000000]                  push dword [res]
    44 0000003D FF35[04000000]                  push dword [b]
    45 00000043 FF35[00000000]                  push dword [a]
    46 00000049 68[0F000000]                    push dword print
    47 0000004E FF15[00000000]                  call [printf]
    48 00000054 83C410                          add esp, 4*4
    49                                      
    50                                          ; exit(0)
    51 00000057 6A00                            push    dword 0      ; push the parameter for exit onto the stack
    52 00000059 FF15[00000000]                  call    [exit]       ; call exit to terminate the program
